{
  "stats": {
    "suites": 1,
    "tests": 1,
    "passes": 1,
    "pending": 0,
    "failures": 0,
    "start": "2025-01-06T09:36:26.603Z",
    "end": "2025-01-06T09:37:11.886Z",
    "duration": 45283,
    "testsRegistered": 1,
    "passPercent": 100,
    "pendingPercent": 0,
    "other": 0,
    "hasOther": false,
    "skipped": 0,
    "hasSkipped": false
  },
  "results": [
    {
      "uuid": "b955bc12-5528-48c7-bc6d-7f33b5484e4a",
      "title": "",
      "fullFile": "cypress\\e2e\\admin.js",
      "file": "cypress\\e2e\\admin.js",
      "beforeHooks": [],
      "afterHooks": [],
      "tests": [],
      "suites": [
        {
          "uuid": "77bc549e-d706-4fcf-ab8f-4bbd3701b3f6",
          "title": "Admin User Management.",
          "fullFile": "",
          "file": "",
          "beforeHooks": [],
          "afterHooks": [],
          "tests": [
            {
              "title": "should allow admin to create, search, and delete a user.",
              "fullTitle": "Admin User Management. should allow admin to create, search, and delete a user.",
              "timedOut": null,
              "duration": 37141,
              "state": "passed",
              "speed": "slow",
              "pass": true,
              "fail": false,
              "pending": false,
              "context": "{\n  \"title\": \"cypress-mochawesome-reporter-videos-passed\",\n  \"value\": \"cypress\\\\e2e\\\\admin.js\"\n}",
              "code": "cy.generateRandomNumber().then(randomNum => {\n  username = `${userData.username}${randomNum}`;\n  adminPage.createUser(username, userData.password, userData.confirmPassword, userData.userrole, userData.status, userData.employeeName);\n  adminPage.getAdminModule().click();\n  adminPage.searchByUsername(username);\n  adminPage.getRow().each($cell => {\n    const details = $cell.text().trim();\n    [username, userData.userrole, userData.status].forEach(value => {\n      if (details === value) {\n        cy.wrap($cell).should('contain', value);\n      }\n    });\n  });\n  adminPage.deleteUser();\n  adminPage.searchByUsername(username);\n  adminPage.getRow().should($rows => {\n    expect($rows).to.have.length(0);\n    //test\n  });\n});",
              "err": {},
              "uuid": "47eef4c4-e62e-441d-b5dc-1d6df74e2d66",
              "parentUUID": "77bc549e-d706-4fcf-ab8f-4bbd3701b3f6",
              "isHook": false,
              "skipped": false
            }
          ],
          "suites": [],
          "passes": [
            "47eef4c4-e62e-441d-b5dc-1d6df74e2d66"
          ],
          "failures": [],
          "pending": [],
          "skipped": [],
          "duration": 37141,
          "root": false,
          "rootEmpty": false,
          "_timeout": 2000
        }
      ],
      "passes": [],
      "failures": [],
      "pending": [],
      "skipped": [],
      "duration": 0,
      "root": true,
      "rootEmpty": true,
      "_timeout": 2000
    }
  ],
  "meta": {
    "mocha": {
      "version": "7.0.1"
    },
    "mochawesome": {
      "options": {
        "quiet": false,
        "reportFilename": "report",
        "saveHtml": false,
        "saveJson": true,
        "consoleReporter": "spec",
        "useInlineDiffs": false,
        "code": true
      },
      "version": "7.1.3"
    },
    "marge": {
      "options": {
        "reportDir": "cypress\\reports\\mochawesome\\.jsons",
        "reportFilename": "report",
        "overwrite": false,
        "html": false,
        "json": true
      },
      "version": "6.2.0"
    }
  }
}